[2022-11-20 18:36:36] [WARNING]: Protocol -> device lock is disable. http api may fail. 
[2022-11-20 21:52:19] [WARNING]: Protocol -> device lock is disable. http api may fail. 
[2022-11-20 21:52:20] [WARNING]: Protocol -> device lock is disable. http api may fail. 
[2022-11-20 22:08:22] [WARNING]: Protocol -> device lock is disable. http api may fail. 
[2022-11-20 22:08:25] [WARNING]: Protocol -> device lock is disable. http api may fail. 
[2022-11-20 22:08:32] [WARNING]: 警告: 聊天服务器延迟为 1020ms，大于 1000ms, 可能出现消息丢失/延迟或频繁掉线等情况, 请检查本地网络状态. 
[2022-11-20 22:10:49] [WARNING]: Protocol -> device lock is disable. http api may fail. 
[2022-11-20 22:10:51] [WARNING]: Protocol -> device lock is disable. http api may fail. 
[2022-11-20 22:11:16] [WARNING]: Protocol -> device lock is disable. http api may fail. 
[2022-11-20 22:11:19] [WARNING]: Protocol -> device lock is disable. http api may fail. 
[2022-11-20 22:19:27] [WARNING]: Protocol -> device lock is disable. http api may fail. 
[2022-11-20 22:19:29] [WARNING]: Protocol -> device lock is disable. http api may fail. 
[2022-11-20 22:27:34] [ERROR]: Protocol -> unexpected disconnect: read tcp 10.8.120.125:5690->180.101.246.202:8080: wsarecv: An established connection was aborted by the software in your host machine. 
[2022-11-20 22:27:34] [ERROR]: Protocol -> connect server error: dial tcp error: dial tcp 109.244.152.24:8080: connectex: A socket operation was attempted to an unreachable network. 
[2022-11-20 22:27:34] [ERROR]: Protocol -> connect server error: dial tcp error: dial tcp 109.244.152.24:8080: connectex: A socket operation was attempted to an unreachable network. 
[2022-11-20 22:27:34] [WARNING]: Bot已离线: connection dropped by server. 
[2022-11-20 22:27:37] [WARNING]: 将在 3 秒后尝试重连. 重连次数：2/0 
[2022-11-20 22:27:40] [WARNING]: 尝试重连... 
[2022-11-20 22:27:40] [WARNING]: Protocol -> device lock is disable. http api may fail. 
[2022-11-20 23:25:16] [WARNING]: Protocol -> device lock is disable. http api may fail. 
[2022-11-20 23:25:19] [WARNING]: Protocol -> device lock is disable. http api may fail. 
[2022-11-20 23:25:40] [WARNING]: Protocol -> device lock is disable. http api may fail. 
[2022-11-20 23:25:43] [WARNING]: Protocol -> device lock is disable. http api may fail. 
[2022-11-20 23:26:03] [WARNING]: Protocol -> device lock is disable. http api may fail. 
[2022-11-20 23:26:06] [WARNING]: Protocol -> device lock is disable. http api may fail. 
[2022-11-20 23:28:07] [WARNING]: Protocol -> device lock is disable. http api may fail. 
[2022-11-20 23:28:10] [WARNING]: Protocol -> device lock is disable. http api may fail. 
[2022-11-20 23:28:37] [WARNING]: Protocol -> device lock is disable. http api may fail. 
[2022-11-20 23:28:39] [FATAL]: open image cache failed: 文件被其他进程占用 
[2022-11-20 23:28:42] [FATAL]: open image cache failed: 文件被其他进程占用 
[2022-11-20 23:28:45] [FATAL]: open image cache failed: 文件被其他进程占用 
[2022-11-20 23:28:48] [FATAL]: open image cache failed: 文件被其他进程占用 
[2022-11-20 23:28:51] [FATAL]: open image cache failed: 文件被其他进程占用 
[2022-11-20 23:28:54] [FATAL]: open image cache failed: 文件被其他进程占用 
[2022-11-20 23:28:57] [FATAL]: open image cache failed: 文件被其他进程占用 
[2022-11-20 23:29:01] [FATAL]: open image cache failed: 文件被其他进程占用 
[2022-11-20 23:29:04] [FATAL]: open image cache failed: 文件被其他进程占用 
[2022-11-20 23:29:07] [FATAL]: open image cache failed: 文件被其他进程占用 
[2022-11-20 23:29:10] [FATAL]: open image cache failed: 文件被其他进程占用 
[2022-11-20 23:29:14] [WARNING]: Protocol -> device lock is disable. http api may fail. 
[2022-11-20 23:29:18] [WARNING]: Protocol -> device lock is disable. http api may fail. 
[2022-11-20 23:29:20] [FATAL]: open image cache failed: 文件被其他进程占用 
[2022-11-20 23:29:23] [FATAL]: open image cache failed: 文件被其他进程占用 
[2022-11-20 23:29:26] [FATAL]: open image cache failed: 文件被其他进程占用 
[2022-11-20 23:29:29] [FATAL]: open image cache failed: 文件被其他进程占用 
[2022-11-20 23:29:32] [FATAL]: open image cache failed: 文件被其他进程占用 
[2022-11-20 23:29:35] [FATAL]: open image cache failed: 文件被其他进程占用 
[2022-11-20 23:29:38] [FATAL]: open image cache failed: 文件被其他进程占用 
[2022-11-20 23:29:42] [FATAL]: open image cache failed: 文件被其他进程占用 
[2022-11-20 23:29:45] [FATAL]: open image cache failed: 文件被其他进程占用 
[2022-11-20 23:29:48] [FATAL]: open image cache failed: 文件被其他进程占用 
[2022-11-20 23:29:51] [FATAL]: open image cache failed: 文件被其他进程占用 
[2022-11-20 23:29:54] [FATAL]: open image cache failed: 文件被其他进程占用 
[2022-11-20 23:29:59] [WARNING]: Protocol -> device lock is disable. http api may fail. 
[2022-11-20 23:30:04] [WARNING]: 连接到反向WebSocket Universal服务器 ws://127.0.0.1:8880/onebot/v11/ws 时出现错误: dial tcp 127.0.0.1:8880: connectex: No connection could be made because the target machine actively refused it. 
[2022-11-20 23:30:10] [WARNING]: 连接到反向WebSocket Universal服务器 ws://127.0.0.1:8880/onebot/v11/ws 时出现错误: dial tcp 127.0.0.1:8880: connectex: No connection could be made because the target machine actively refused it. 
[2022-11-20 23:30:15] [WARNING]: 连接到反向WebSocket Universal服务器 ws://127.0.0.1:8880/onebot/v11/ws 时出现错误: dial tcp 127.0.0.1:8880: connectex: No connection could be made because the target machine actively refused it. 
[2022-11-20 23:30:19] [WARNING]: Protocol -> device lock is disable. http api may fail. 
[2022-11-20 23:30:21] [FATAL]: open image cache failed: 文件被其他进程占用 
[2022-11-20 23:30:24] [FATAL]: open image cache failed: 文件被其他进程占用 
[2022-11-20 23:30:27] [FATAL]: open image cache failed: 文件被其他进程占用 
[2022-11-20 23:30:30] [FATAL]: open image cache failed: 文件被其他进程占用 
[2022-11-20 23:30:34] [FATAL]: open image cache failed: 文件被其他进程占用 
[2022-11-20 23:30:37] [FATAL]: open image cache failed: 文件被其他进程占用 
[2022-11-20 23:30:40] [FATAL]: open image cache failed: 文件被其他进程占用 
[2022-11-20 23:30:43] [FATAL]: open image cache failed: 文件被其他进程占用 
[2022-11-20 23:30:46] [FATAL]: open image cache failed: 文件被其他进程占用 
[2022-11-20 23:30:49] [FATAL]: open image cache failed: 文件被其他进程占用 
[2022-11-20 23:30:52] [FATAL]: open image cache failed: 文件被其他进程占用 
[2022-11-20 23:30:55] [FATAL]: open image cache failed: 文件被其他进程占用 
[2022-11-20 23:30:58] [FATAL]: open image cache failed: 文件被其他进程占用 
[2022-11-20 23:31:01] [FATAL]: open image cache failed: 文件被其他进程占用 
[2022-11-20 23:31:04] [FATAL]: open image cache failed: 文件被其他进程占用 
[2022-11-20 23:31:07] [FATAL]: open image cache failed: 文件被其他进程占用 
[2022-11-20 23:31:11] [FATAL]: open image cache failed: 文件被其他进程占用 
[2022-11-20 23:31:14] [FATAL]: open image cache failed: 文件被其他进程占用 
[2022-11-20 23:31:17] [FATAL]: open image cache failed: 文件被其他进程占用 
[2022-11-20 23:31:20] [FATAL]: open image cache failed: 文件被其他进程占用 
[2022-11-20 23:31:23] [FATAL]: open image cache failed: 文件被其他进程占用 
[2022-11-20 23:31:26] [FATAL]: open image cache failed: 文件被其他进程占用 
[2022-11-20 23:31:29] [FATAL]: open image cache failed: 文件被其他进程占用 
[2022-11-20 23:31:32] [FATAL]: open image cache failed: 文件被其他进程占用 
[2022-11-20 23:31:35] [FATAL]: open image cache failed: 文件被其他进程占用 
[2022-11-20 23:31:38] [FATAL]: open image cache failed: 文件被其他进程占用 
[2022-11-20 23:31:41] [FATAL]: open image cache failed: 文件被其他进程占用 
[2022-11-20 23:31:44] [FATAL]: open image cache failed: 文件被其他进程占用 
[2022-11-20 23:31:48] [FATAL]: open image cache failed: 文件被其他进程占用 
[2022-11-20 23:31:51] [FATAL]: open image cache failed: 文件被其他进程占用 
[2022-11-20 23:31:54] [FATAL]: open image cache failed: 文件被其他进程占用 
[2022-11-20 23:31:57] [FATAL]: open image cache failed: 文件被其他进程占用 
[2022-11-20 23:32:00] [FATAL]: open image cache failed: 文件被其他进程占用 
[2022-11-20 23:32:03] [FATAL]: open image cache failed: 文件被其他进程占用 
[2022-11-20 23:32:06] [FATAL]: open image cache failed: 文件被其他进程占用 
[2022-11-20 23:32:09] [FATAL]: open image cache failed: 文件被其他进程占用 
[2022-11-20 23:32:12] [FATAL]: open image cache failed: 文件被其他进程占用 
[2022-11-20 23:32:15] [FATAL]: open image cache failed: 文件被其他进程占用 
[2022-11-20 23:32:18] [FATAL]: open image cache failed: 文件被其他进程占用 
[2022-11-20 23:32:21] [FATAL]: open image cache failed: 文件被其他进程占用 
[2022-11-20 23:32:25] [FATAL]: open image cache failed: 文件被其他进程占用 
[2022-11-20 23:32:28] [FATAL]: open image cache failed: 文件被其他进程占用 
[2022-11-20 23:32:31] [FATAL]: open image cache failed: 文件被其他进程占用 
[2022-11-20 23:32:34] [FATAL]: open image cache failed: 文件被其他进程占用 
[2022-11-20 23:32:37] [FATAL]: open image cache failed: 文件被其他进程占用 
[2022-11-20 23:32:40] [FATAL]: open image cache failed: 文件被其他进程占用 
[2022-11-20 23:32:43] [FATAL]: open image cache failed: 文件被其他进程占用 
[2022-11-20 23:32:46] [FATAL]: open image cache failed: 文件被其他进程占用 
[2022-11-20 23:32:49] [FATAL]: open image cache failed: 文件被其他进程占用 
[2022-11-20 23:32:53] [WARNING]: Protocol -> device lock is disable. http api may fail. 
[2022-11-20 23:32:55] [WARNING]: Protocol -> device lock is disable. http api may fail. 
[2022-11-20 23:32:57] [FATAL]: open image cache failed: 文件被其他进程占用 
[2022-11-20 23:33:00] [FATAL]: open image cache failed: 文件被其他进程占用 
[2022-11-20 23:33:03] [FATAL]: open image cache failed: 文件被其他进程占用 
[2022-11-20 23:33:06] [FATAL]: open image cache failed: 文件被其他进程占用 
[2022-11-20 23:33:10] [FATAL]: open image cache failed: 文件被其他进程占用 
[2022-11-20 23:33:13] [FATAL]: open image cache failed: 文件被其他进程占用 
[2022-11-20 23:33:16] [FATAL]: open image cache failed: 文件被其他进程占用 
[2022-11-20 23:33:19] [FATAL]: open image cache failed: 文件被其他进程占用 
[2022-11-20 23:33:22] [FATAL]: open image cache failed: 文件被其他进程占用 
[2022-11-20 23:33:25] [FATAL]: open image cache failed: 文件被其他进程占用 
[2022-11-20 23:33:28] [FATAL]: open image cache failed: 文件被其他进程占用 
[2022-11-20 23:33:31] [FATAL]: open image cache failed: 文件被其他进程占用 
[2022-11-20 23:33:34] [FATAL]: open image cache failed: 文件被其他进程占用 
[2022-11-20 23:33:37] [FATAL]: open image cache failed: 文件被其他进程占用 
[2022-11-20 23:33:40] [FATAL]: open image cache failed: 文件被其他进程占用 
[2022-11-20 23:33:43] [FATAL]: open image cache failed: 文件被其他进程占用 
[2022-11-20 23:33:47] [FATAL]: open image cache failed: 文件被其他进程占用 
[2022-11-20 23:33:50] [FATAL]: open image cache failed: 文件被其他进程占用 
[2022-11-20 23:33:53] [FATAL]: open image cache failed: 文件被其他进程占用 
[2022-11-20 23:33:56] [FATAL]: open image cache failed: 文件被其他进程占用 
[2022-11-20 23:33:59] [FATAL]: open image cache failed: 文件被其他进程占用 
[2022-11-20 23:34:02] [FATAL]: open image cache failed: 文件被其他进程占用 
[2022-11-20 23:34:05] [FATAL]: open image cache failed: 文件被其他进程占用 
[2022-11-20 23:34:08] [FATAL]: open image cache failed: 文件被其他进程占用 
[2022-11-20 23:34:11] [FATAL]: open image cache failed: 文件被其他进程占用 
[2022-11-20 23:34:14] [FATAL]: open image cache failed: 文件被其他进程占用 
[2022-11-20 23:34:17] [FATAL]: open image cache failed: 文件被其他进程占用 
[2022-11-20 23:34:20] [FATAL]: open image cache failed: 文件被其他进程占用 
[2022-11-20 23:34:24] [FATAL]: open image cache failed: 文件被其他进程占用 
[2022-11-20 23:34:27] [FATAL]: open image cache failed: 文件被其他进程占用 
[2022-11-20 23:34:30] [FATAL]: open image cache failed: 文件被其他进程占用 
[2022-11-20 23:34:33] [FATAL]: open image cache failed: 文件被其他进程占用 
[2022-11-20 23:34:36] [FATAL]: open image cache failed: 文件被其他进程占用 
[2022-11-20 23:34:39] [FATAL]: open image cache failed: 文件被其他进程占用 
[2022-11-20 23:34:42] [FATAL]: open image cache failed: 文件被其他进程占用 
[2022-11-20 23:34:45] [FATAL]: open image cache failed: 文件被其他进程占用 
[2022-11-20 23:34:48] [FATAL]: open image cache failed: 文件被其他进程占用 
[2022-11-20 23:34:51] [FATAL]: open image cache failed: 文件被其他进程占用 
[2022-11-20 23:34:54] [FATAL]: open image cache failed: 文件被其他进程占用 
[2022-11-20 23:34:57] [FATAL]: open image cache failed: 文件被其他进程占用 
[2022-11-20 23:35:01] [FATAL]: open image cache failed: 文件被其他进程占用 
[2022-11-20 23:35:04] [FATAL]: open image cache failed: 文件被其他进程占用 
[2022-11-20 23:35:07] [FATAL]: open image cache failed: 文件被其他进程占用 
[2022-11-20 23:35:10] [FATAL]: open image cache failed: 文件被其他进程占用 
[2022-11-20 23:35:13] [FATAL]: open image cache failed: 文件被其他进程占用 
[2022-11-20 23:35:16] [FATAL]: open image cache failed: 文件被其他进程占用 
[2022-11-20 23:35:19] [FATAL]: open image cache failed: 文件被其他进程占用 
[2022-11-20 23:35:22] [FATAL]: open image cache failed: 文件被其他进程占用 
[2022-11-20 23:35:25] [FATAL]: open image cache failed: 文件被其他进程占用 
[2022-11-20 23:35:28] [FATAL]: open image cache failed: 文件被其他进程占用 
[2022-11-20 23:35:31] [FATAL]: open image cache failed: 文件被其他进程占用 
[2022-11-20 23:35:34] [FATAL]: open image cache failed: 文件被其他进程占用 
[2022-11-20 23:35:37] [FATAL]: open image cache failed: 文件被其他进程占用 
[2022-11-20 23:35:41] [FATAL]: open image cache failed: 文件被其他进程占用 
[2022-11-20 23:35:44] [FATAL]: open image cache failed: 文件被其他进程占用 
[2022-11-20 23:35:47] [FATAL]: open image cache failed: 文件被其他进程占用 
[2022-11-20 23:35:50] [FATAL]: open image cache failed: 文件被其他进程占用 
[2022-11-20 23:35:53] [FATAL]: open image cache failed: 文件被其他进程占用 
[2022-11-20 23:35:56] [FATAL]: open image cache failed: 文件被其他进程占用 
[2022-11-20 23:35:59] [FATAL]: open image cache failed: 文件被其他进程占用 
[2022-11-20 23:36:02] [FATAL]: open image cache failed: 文件被其他进程占用 
[2022-11-20 23:36:05] [FATAL]: open image cache failed: 文件被其他进程占用 
[2022-11-20 23:36:08] [FATAL]: open image cache failed: 文件被其他进程占用 
[2022-11-20 23:36:11] [FATAL]: open image cache failed: 文件被其他进程占用 
[2022-11-20 23:36:14] [FATAL]: open image cache failed: 文件被其他进程占用 
[2022-11-20 23:36:18] [FATAL]: open image cache failed: 文件被其他进程占用 
[2022-11-20 23:36:21] [FATAL]: open image cache failed: 文件被其他进程占用 
[2022-11-20 23:36:24] [FATAL]: open image cache failed: 文件被其他进程占用 
[2022-11-20 23:36:27] [FATAL]: open image cache failed: 文件被其他进程占用 
[2022-11-20 23:36:30] [FATAL]: open image cache failed: 文件被其他进程占用 
[2022-11-20 23:36:33] [FATAL]: open image cache failed: 文件被其他进程占用 
[2022-11-20 23:36:36] [FATAL]: open image cache failed: 文件被其他进程占用 
[2022-11-20 23:36:39] [FATAL]: open image cache failed: 文件被其他进程占用 
[2022-11-20 23:36:42] [FATAL]: open image cache failed: 文件被其他进程占用 
[2022-11-20 23:36:45] [FATAL]: open image cache failed: 文件被其他进程占用 
[2022-11-20 23:36:48] [FATAL]: open image cache failed: 文件被其他进程占用 
[2022-11-20 23:36:51] [FATAL]: open image cache failed: 文件被其他进程占用 
[2022-11-20 23:36:55] [FATAL]: open image cache failed: 文件被其他进程占用 
[2022-11-20 23:36:58] [FATAL]: open image cache failed: 文件被其他进程占用 
[2022-11-20 23:37:01] [FATAL]: open image cache failed: 文件被其他进程占用 
[2022-11-20 23:37:04] [FATAL]: open image cache failed: 文件被其他进程占用 
[2022-11-20 23:37:07] [FATAL]: open image cache failed: 文件被其他进程占用 
[2022-11-20 23:37:10] [FATAL]: open image cache failed: 文件被其他进程占用 
[2022-11-20 23:37:13] [FATAL]: open image cache failed: 文件被其他进程占用 
[2022-11-20 23:37:16] [FATAL]: open image cache failed: 文件被其他进程占用 
[2022-11-20 23:37:19] [FATAL]: open image cache failed: 文件被其他进程占用 
[2022-11-20 23:37:22] [FATAL]: open image cache failed: 文件被其他进程占用 
[2022-11-20 23:37:25] [FATAL]: open image cache failed: 文件被其他进程占用 
[2022-11-20 23:37:28] [FATAL]: open image cache failed: 文件被其他进程占用 
[2022-11-20 23:37:31] [FATAL]: open image cache failed: 文件被其他进程占用 
[2022-11-20 23:37:35] [FATAL]: open image cache failed: 文件被其他进程占用 
[2022-11-20 23:37:38] [FATAL]: open image cache failed: 文件被其他进程占用 
[2022-11-20 23:37:41] [FATAL]: open image cache failed: 文件被其他进程占用 
[2022-11-20 23:37:44] [FATAL]: open image cache failed: 文件被其他进程占用 
[2022-11-20 23:37:47] [FATAL]: open image cache failed: 文件被其他进程占用 
[2022-11-20 23:37:50] [FATAL]: open image cache failed: 文件被其他进程占用 
[2022-11-20 23:37:53] [FATAL]: open image cache failed: 文件被其他进程占用 
[2022-11-20 23:37:56] [FATAL]: open image cache failed: 文件被其他进程占用 
[2022-11-20 23:37:59] [FATAL]: open image cache failed: 文件被其他进程占用 
[2022-11-20 23:38:02] [FATAL]: open image cache failed: 文件被其他进程占用 
[2022-11-20 23:38:05] [FATAL]: open image cache failed: 文件被其他进程占用 
[2022-11-20 23:38:08] [FATAL]: open image cache failed: 文件被其他进程占用 
[2022-11-20 23:38:12] [FATAL]: open image cache failed: 文件被其他进程占用 
[2022-11-20 23:38:15] [FATAL]: open image cache failed: 文件被其他进程占用 
[2022-11-20 23:38:18] [FATAL]: open image cache failed: 文件被其他进程占用 
[2022-11-20 23:38:21] [FATAL]: open image cache failed: 文件被其他进程占用 
[2022-11-20 23:38:24] [FATAL]: open image cache failed: 文件被其他进程占用 
[2022-11-20 23:38:27] [FATAL]: open image cache failed: 文件被其他进程占用 
[2022-11-20 23:38:30] [FATAL]: open image cache failed: 文件被其他进程占用 
[2022-11-20 23:38:33] [FATAL]: open image cache failed: 文件被其他进程占用 
[2022-11-20 23:38:36] [FATAL]: open image cache failed: 文件被其他进程占用 
[2022-11-20 23:38:39] [FATAL]: open image cache failed: 文件被其他进程占用 
[2022-11-20 23:38:42] [FATAL]: open image cache failed: 文件被其他进程占用 
[2022-11-20 23:38:45] [FATAL]: open image cache failed: 文件被其他进程占用 
[2022-11-20 23:38:49] [FATAL]: open image cache failed: 文件被其他进程占用 
[2022-11-20 23:38:52] [FATAL]: open image cache failed: 文件被其他进程占用 
[2022-11-20 23:38:55] [FATAL]: open image cache failed: 文件被其他进程占用 
[2022-11-20 23:38:58] [FATAL]: open image cache failed: 文件被其他进程占用 
[2022-11-20 23:39:01] [FATAL]: open image cache failed: 文件被其他进程占用 
[2022-11-20 23:39:04] [FATAL]: open image cache failed: 文件被其他进程占用 
[2022-11-20 23:39:07] [FATAL]: open image cache failed: 文件被其他进程占用 
[2022-11-20 23:39:10] [FATAL]: open image cache failed: 文件被其他进程占用 
[2022-11-20 23:39:13] [FATAL]: open image cache failed: 文件被其他进程占用 
[2022-11-20 23:39:16] [FATAL]: open image cache failed: 文件被其他进程占用 
[2022-11-20 23:39:19] [FATAL]: open image cache failed: 文件被其他进程占用 
[2022-11-20 23:39:22] [FATAL]: open image cache failed: 文件被其他进程占用 
[2022-11-20 23:39:26] [FATAL]: open image cache failed: 文件被其他进程占用 
[2022-11-20 23:39:29] [FATAL]: open image cache failed: 文件被其他进程占用 
[2022-11-20 23:39:32] [FATAL]: open image cache failed: 文件被其他进程占用 
[2022-11-20 23:39:35] [FATAL]: open image cache failed: 文件被其他进程占用 
[2022-11-20 23:39:38] [FATAL]: open image cache failed: 文件被其他进程占用 
[2022-11-20 23:39:41] [FATAL]: open image cache failed: 文件被其他进程占用 
[2022-11-20 23:39:44] [FATAL]: open image cache failed: 文件被其他进程占用 
[2022-11-20 23:39:47] [FATAL]: open image cache failed: 文件被其他进程占用 
[2022-11-20 23:39:50] [FATAL]: open image cache failed: 文件被其他进程占用 
[2022-11-20 23:39:53] [FATAL]: open image cache failed: 文件被其他进程占用 
[2022-11-20 23:39:56] [FATAL]: open image cache failed: 文件被其他进程占用 
[2022-11-20 23:39:59] [FATAL]: open image cache failed: 文件被其他进程占用 
[2022-11-20 23:40:02] [FATAL]: open image cache failed: 文件被其他进程占用 
[2022-11-20 23:40:06] [FATAL]: open image cache failed: 文件被其他进程占用 
[2022-11-20 23:40:09] [FATAL]: open image cache failed: 文件被其他进程占用 
[2022-11-20 23:40:12] [FATAL]: open image cache failed: 文件被其他进程占用 
[2022-11-20 23:40:15] [FATAL]: open image cache failed: 文件被其他进程占用 
[2022-11-20 23:40:18] [FATAL]: open image cache failed: 文件被其他进程占用 
[2022-11-20 23:40:21] [FATAL]: open image cache failed: 文件被其他进程占用 
[2022-11-20 23:40:24] [FATAL]: open image cache failed: 文件被其他进程占用 
[2022-11-20 23:40:27] [FATAL]: open image cache failed: 文件被其他进程占用 
[2022-11-20 23:40:30] [FATAL]: open image cache failed: 文件被其他进程占用 
[2022-11-20 23:40:33] [FATAL]: open image cache failed: 文件被其他进程占用 
[2022-11-20 23:40:36] [FATAL]: open image cache failed: 文件被其他进程占用 
[2022-11-20 23:40:39] [FATAL]: open image cache failed: 文件被其他进程占用 
[2022-11-20 23:40:43] [FATAL]: open image cache failed: 文件被其他进程占用 
[2022-11-20 23:40:46] [FATAL]: open image cache failed: 文件被其他进程占用 
[2022-11-20 23:40:49] [FATAL]: open image cache failed: 文件被其他进程占用 
[2022-11-20 23:40:52] [FATAL]: open image cache failed: 文件被其他进程占用 
[2022-11-20 23:40:55] [FATAL]: open image cache failed: 文件被其他进程占用 
[2022-11-20 23:40:58] [FATAL]: open image cache failed: 文件被其他进程占用 
[2022-11-20 23:41:01] [FATAL]: open image cache failed: 文件被其他进程占用 
[2022-11-20 23:41:04] [FATAL]: open image cache failed: 文件被其他进程占用 
[2022-11-20 23:41:07] [FATAL]: open image cache failed: 文件被其他进程占用 
[2022-11-20 23:41:10] [FATAL]: open image cache failed: 文件被其他进程占用 
[2022-11-20 23:41:13] [FATAL]: open image cache failed: 文件被其他进程占用 
[2022-11-20 23:41:16] [FATAL]: open image cache failed: 文件被其他进程占用 
[2022-11-20 23:41:20] [FATAL]: open image cache failed: 文件被其他进程占用 
[2022-11-20 23:41:23] [FATAL]: open image cache failed: 文件被其他进程占用 
[2022-11-20 23:41:26] [FATAL]: open image cache failed: 文件被其他进程占用 
[2022-11-20 23:41:29] [FATAL]: open image cache failed: 文件被其他进程占用 
[2022-11-20 23:41:32] [FATAL]: open image cache failed: 文件被其他进程占用 
[2022-11-20 23:41:35] [FATAL]: open image cache failed: 文件被其他进程占用 
[2022-11-20 23:41:38] [FATAL]: open image cache failed: 文件被其他进程占用 
[2022-11-20 23:41:41] [FATAL]: open image cache failed: 文件被其他进程占用 
[2022-11-20 23:41:44] [FATAL]: open image cache failed: 文件被其他进程占用 
[2022-11-20 23:41:47] [FATAL]: open image cache failed: 文件被其他进程占用 
[2022-11-20 23:41:50] [FATAL]: open image cache failed: 文件被其他进程占用 
[2022-11-20 23:41:53] [FATAL]: open image cache failed: 文件被其他进程占用 
[2022-11-20 23:41:57] [FATAL]: open image cache failed: 文件被其他进程占用 
[2022-11-20 23:42:00] [FATAL]: open image cache failed: 文件被其他进程占用 
[2022-11-20 23:42:03] [FATAL]: open image cache failed: 文件被其他进程占用 
[2022-11-20 23:42:06] [FATAL]: open image cache failed: 文件被其他进程占用 
[2022-11-20 23:42:09] [FATAL]: open image cache failed: 文件被其他进程占用 
[2022-11-20 23:42:12] [FATAL]: open image cache failed: 文件被其他进程占用 
[2022-11-20 23:42:15] [FATAL]: open image cache failed: 文件被其他进程占用 
[2022-11-20 23:42:18] [FATAL]: open image cache failed: 文件被其他进程占用 
[2022-11-20 23:42:21] [FATAL]: open image cache failed: 文件被其他进程占用 
[2022-11-20 23:42:24] [FATAL]: open image cache failed: 文件被其他进程占用 
[2022-11-20 23:42:27] [FATAL]: open image cache failed: 文件被其他进程占用 
[2022-11-20 23:42:30] [FATAL]: open image cache failed: 文件被其他进程占用 
[2022-11-20 23:42:34] [FATAL]: open image cache failed: 文件被其他进程占用 
[2022-11-20 23:42:37] [FATAL]: open image cache failed: 文件被其他进程占用 
[2022-11-20 23:42:40] [FATAL]: open image cache failed: 文件被其他进程占用 
[2022-11-20 23:42:43] [FATAL]: open image cache failed: 文件被其他进程占用 
[2022-11-20 23:42:46] [FATAL]: open image cache failed: 文件被其他进程占用 
[2022-11-20 23:42:49] [FATAL]: open image cache failed: 文件被其他进程占用 
[2022-11-20 23:42:52] [FATAL]: open image cache failed: 文件被其他进程占用 
[2022-11-20 23:42:55] [FATAL]: open image cache failed: 文件被其他进程占用 
[2022-11-20 23:42:58] [FATAL]: open image cache failed: 文件被其他进程占用 
[2022-11-20 23:43:01] [FATAL]: open image cache failed: 文件被其他进程占用 
[2022-11-20 23:43:04] [FATAL]: open image cache failed: 文件被其他进程占用 
[2022-11-20 23:43:07] [FATAL]: open image cache failed: 文件被其他进程占用 
[2022-11-20 23:43:11] [FATAL]: open image cache failed: 文件被其他进程占用 
[2022-11-20 23:43:14] [FATAL]: open image cache failed: 文件被其他进程占用 
[2022-11-20 23:43:17] [FATAL]: open image cache failed: 文件被其他进程占用 
[2022-11-20 23:43:20] [FATAL]: open image cache failed: 文件被其他进程占用 
[2022-11-20 23:43:23] [FATAL]: open image cache failed: 文件被其他进程占用 
[2022-11-20 23:43:26] [FATAL]: open image cache failed: 文件被其他进程占用 
[2022-11-20 23:43:29] [FATAL]: open image cache failed: 文件被其他进程占用 
[2022-11-20 23:43:32] [FATAL]: open image cache failed: 文件被其他进程占用 
[2022-11-20 23:43:35] [FATAL]: open image cache failed: 文件被其他进程占用 
[2022-11-20 23:43:38] [FATAL]: open image cache failed: 文件被其他进程占用 
[2022-11-20 23:43:41] [FATAL]: open image cache failed: 文件被其他进程占用 
[2022-11-20 23:43:44] [FATAL]: open image cache failed: 文件被其他进程占用 
[2022-11-20 23:43:47] [FATAL]: open image cache failed: 文件被其他进程占用 
[2022-11-20 23:43:51] [FATAL]: open image cache failed: 文件被其他进程占用 
[2022-11-20 23:43:54] [FATAL]: open image cache failed: 文件被其他进程占用 
[2022-11-20 23:43:57] [FATAL]: open image cache failed: 文件被其他进程占用 
[2022-11-20 23:44:00] [FATAL]: open image cache failed: 文件被其他进程占用 
[2022-11-20 23:44:03] [FATAL]: open image cache failed: 文件被其他进程占用 
[2022-11-20 23:44:06] [FATAL]: open image cache failed: 文件被其他进程占用 
[2022-11-20 23:44:09] [FATAL]: open image cache failed: 文件被其他进程占用 
[2022-11-20 23:44:12] [FATAL]: open image cache failed: 文件被其他进程占用 
[2022-11-20 23:44:15] [FATAL]: open image cache failed: 文件被其他进程占用 
[2022-11-20 23:44:18] [FATAL]: open image cache failed: 文件被其他进程占用 
[2022-11-20 23:44:21] [FATAL]: open image cache failed: 文件被其他进程占用 
[2022-11-20 23:44:24] [FATAL]: open image cache failed: 文件被其他进程占用 
[2022-11-20 23:44:28] [FATAL]: open image cache failed: 文件被其他进程占用 
[2022-11-20 23:44:31] [FATAL]: open image cache failed: 文件被其他进程占用 
[2022-11-20 23:44:34] [FATAL]: open image cache failed: 文件被其他进程占用 
[2022-11-20 23:44:37] [FATAL]: open image cache failed: 文件被其他进程占用 
[2022-11-20 23:44:40] [FATAL]: open image cache failed: 文件被其他进程占用 
[2022-11-20 23:44:43] [FATAL]: open image cache failed: 文件被其他进程占用 
[2022-11-20 23:44:46] [FATAL]: open image cache failed: 文件被其他进程占用 
[2022-11-20 23:44:49] [FATAL]: open image cache failed: 文件被其他进程占用 
[2022-11-20 23:44:52] [FATAL]: open image cache failed: 文件被其他进程占用 
[2022-11-20 23:44:55] [FATAL]: open image cache failed: 文件被其他进程占用 
[2022-11-20 23:44:58] [FATAL]: open image cache failed: 文件被其他进程占用 
[2022-11-20 23:45:01] [FATAL]: open image cache failed: 文件被其他进程占用 
[2022-11-20 23:45:05] [FATAL]: open image cache failed: 文件被其他进程占用 
[2022-11-20 23:45:08] [FATAL]: open image cache failed: 文件被其他进程占用 
[2022-11-20 23:45:11] [FATAL]: open image cache failed: 文件被其他进程占用 
[2022-11-20 23:45:14] [FATAL]: open image cache failed: 文件被其他进程占用 
[2022-11-20 23:45:17] [FATAL]: open image cache failed: 文件被其他进程占用 
[2022-11-20 23:45:20] [FATAL]: open image cache failed: 文件被其他进程占用 
[2022-11-20 23:45:23] [FATAL]: open image cache failed: 文件被其他进程占用 
[2022-11-20 23:45:26] [FATAL]: open image cache failed: 文件被其他进程占用 
[2022-11-20 23:45:29] [FATAL]: open image cache failed: 文件被其他进程占用 
[2022-11-20 23:45:32] [FATAL]: open image cache failed: 文件被其他进程占用 
[2022-11-20 23:45:35] [FATAL]: open image cache failed: 文件被其他进程占用 
[2022-11-20 23:45:38] [FATAL]: open image cache failed: 文件被其他进程占用 
[2022-11-20 23:45:41] [FATAL]: open image cache failed: 文件被其他进程占用 
[2022-11-20 23:45:45] [FATAL]: open image cache failed: 文件被其他进程占用 
[2022-11-20 23:45:48] [FATAL]: open image cache failed: 文件被其他进程占用 
[2022-11-20 23:45:51] [FATAL]: open image cache failed: 文件被其他进程占用 
[2022-11-20 23:45:54] [FATAL]: open image cache failed: 文件被其他进程占用 
[2022-11-20 23:45:57] [FATAL]: open image cache failed: 文件被其他进程占用 
[2022-11-20 23:46:00] [FATAL]: open image cache failed: 文件被其他进程占用 
[2022-11-20 23:46:03] [FATAL]: open image cache failed: 文件被其他进程占用 
[2022-11-20 23:46:06] [FATAL]: open image cache failed: 文件被其他进程占用 
[2022-11-20 23:46:09] [FATAL]: open image cache failed: 文件被其他进程占用 
[2022-11-20 23:46:12] [FATAL]: open image cache failed: 文件被其他进程占用 
[2022-11-20 23:46:15] [FATAL]: open image cache failed: 文件被其他进程占用 
[2022-11-20 23:46:18] [FATAL]: open image cache failed: 文件被其他进程占用 
[2022-11-20 23:46:21] [FATAL]: open image cache failed: 文件被其他进程占用 
[2022-11-20 23:46:25] [FATAL]: open image cache failed: 文件被其他进程占用 
[2022-11-20 23:46:28] [FATAL]: open image cache failed: 文件被其他进程占用 
[2022-11-20 23:46:31] [FATAL]: open image cache failed: 文件被其他进程占用 
[2022-11-20 23:46:34] [FATAL]: open image cache failed: 文件被其他进程占用 
[2022-11-20 23:46:37] [FATAL]: open image cache failed: 文件被其他进程占用 
[2022-11-20 23:46:40] [FATAL]: open image cache failed: 文件被其他进程占用 
[2022-11-20 23:46:43] [FATAL]: open image cache failed: 文件被其他进程占用 
[2022-11-20 23:46:46] [FATAL]: open image cache failed: 文件被其他进程占用 
[2022-11-20 23:46:49] [FATAL]: open image cache failed: 文件被其他进程占用 
[2022-11-20 23:46:52] [FATAL]: open image cache failed: 文件被其他进程占用 
[2022-11-20 23:46:55] [FATAL]: open image cache failed: 文件被其他进程占用 
[2022-11-20 23:46:59] [FATAL]: open image cache failed: 文件被其他进程占用 
[2022-11-20 23:47:02] [FATAL]: open image cache failed: 文件被其他进程占用 
[2022-11-20 23:47:05] [FATAL]: open image cache failed: 文件被其他进程占用 
[2022-11-20 23:47:08] [FATAL]: open image cache failed: 文件被其他进程占用 
[2022-11-20 23:47:11] [FATAL]: open image cache failed: 文件被其他进程占用 
[2022-11-20 23:47:14] [FATAL]: open image cache failed: 文件被其他进程占用 
[2022-11-20 23:47:17] [FATAL]: open image cache failed: 文件被其他进程占用 
[2022-11-20 23:47:20] [FATAL]: open image cache failed: 文件被其他进程占用 
[2022-11-20 23:47:23] [FATAL]: open image cache failed: 文件被其他进程占用 
[2022-11-20 23:47:26] [FATAL]: open image cache failed: 文件被其他进程占用 
[2022-11-20 23:47:29] [FATAL]: open image cache failed: 文件被其他进程占用 
[2022-11-20 23:47:32] [FATAL]: open image cache failed: 文件被其他进程占用 
[2022-11-20 23:47:35] [FATAL]: open image cache failed: 文件被其他进程占用 
[2022-11-20 23:47:39] [FATAL]: open image cache failed: 文件被其他进程占用 
[2022-11-20 23:47:42] [FATAL]: open image cache failed: 文件被其他进程占用 
[2022-11-20 23:47:45] [FATAL]: open image cache failed: 文件被其他进程占用 
[2022-11-20 23:47:48] [FATAL]: open image cache failed: 文件被其他进程占用 
[2022-11-20 23:47:51] [FATAL]: open image cache failed: 文件被其他进程占用 
[2022-11-20 23:47:54] [FATAL]: open image cache failed: 文件被其他进程占用 
[2022-11-20 23:47:57] [FATAL]: open image cache failed: 文件被其他进程占用 
[2022-11-20 23:48:00] [FATAL]: open image cache failed: 文件被其他进程占用 
[2022-11-20 23:48:03] [FATAL]: open image cache failed: 文件被其他进程占用 
[2022-11-20 23:48:06] [FATAL]: open image cache failed: 文件被其他进程占用 
[2022-11-20 23:48:09] [FATAL]: open image cache failed: 文件被其他进程占用 
[2022-11-20 23:48:12] [FATAL]: open image cache failed: 文件被其他进程占用 
[2022-11-20 23:48:15] [FATAL]: open image cache failed: 文件被其他进程占用 
[2022-11-20 23:48:19] [FATAL]: open image cache failed: 文件被其他进程占用 
[2022-11-20 23:48:22] [FATAL]: open image cache failed: 文件被其他进程占用 
[2022-11-20 23:48:25] [FATAL]: open image cache failed: 文件被其他进程占用 
[2022-11-20 23:48:28] [FATAL]: open image cache failed: 文件被其他进程占用 
[2022-11-20 23:48:31] [FATAL]: open image cache failed: 文件被其他进程占用 
[2022-11-20 23:48:34] [FATAL]: open image cache failed: 文件被其他进程占用 
[2022-11-20 23:48:37] [FATAL]: open image cache failed: 文件被其他进程占用 
[2022-11-20 23:48:40] [FATAL]: open image cache failed: 文件被其他进程占用 
[2022-11-20 23:48:43] [FATAL]: open image cache failed: 文件被其他进程占用 
[2022-11-20 23:48:46] [FATAL]: open image cache failed: 文件被其他进程占用 
[2022-11-20 23:48:49] [FATAL]: open image cache failed: 文件被其他进程占用 
[2022-11-20 23:48:52] [FATAL]: open image cache failed: 文件被其他进程占用 
[2022-11-20 23:48:56] [FATAL]: open image cache failed: 文件被其他进程占用 
[2022-11-20 23:48:59] [FATAL]: open image cache failed: 文件被其他进程占用 
[2022-11-20 23:49:02] [FATAL]: open image cache failed: 文件被其他进程占用 
[2022-11-20 23:49:05] [FATAL]: open image cache failed: 文件被其他进程占用 
[2022-11-20 23:49:08] [FATAL]: open image cache failed: 文件被其他进程占用 
[2022-11-20 23:49:11] [FATAL]: open image cache failed: 文件被其他进程占用 
[2022-11-20 23:49:14] [FATAL]: open image cache failed: 文件被其他进程占用 
[2022-11-20 23:49:17] [FATAL]: open image cache failed: 文件被其他进程占用 
[2022-11-20 23:49:20] [FATAL]: open image cache failed: 文件被其他进程占用 
[2022-11-20 23:49:23] [FATAL]: open image cache failed: 文件被其他进程占用 
[2022-11-20 23:49:26] [FATAL]: open image cache failed: 文件被其他进程占用 
[2022-11-20 23:49:29] [FATAL]: open image cache failed: 文件被其他进程占用 
[2022-11-20 23:49:33] [FATAL]: open image cache failed: 文件被其他进程占用 
[2022-11-20 23:49:36] [FATAL]: open image cache failed: 文件被其他进程占用 
[2022-11-20 23:49:39] [FATAL]: open image cache failed: 文件被其他进程占用 
[2022-11-20 23:49:42] [FATAL]: open image cache failed: 文件被其他进程占用 
[2022-11-20 23:49:45] [FATAL]: open image cache failed: 文件被其他进程占用 
[2022-11-20 23:49:48] [FATAL]: open image cache failed: 文件被其他进程占用 
[2022-11-20 23:49:51] [FATAL]: open image cache failed: 文件被其他进程占用 
[2022-11-20 23:49:54] [FATAL]: open image cache failed: 文件被其他进程占用 
[2022-11-20 23:49:57] [FATAL]: open image cache failed: 文件被其他进程占用 
[2022-11-20 23:50:00] [FATAL]: open image cache failed: 文件被其他进程占用 
[2022-11-20 23:50:03] [FATAL]: open image cache failed: 文件被其他进程占用 
[2022-11-20 23:50:07] [FATAL]: open image cache failed: 文件被其他进程占用 
[2022-11-20 23:50:10] [FATAL]: open image cache failed: 文件被其他进程占用 
[2022-11-20 23:50:13] [FATAL]: open image cache failed: 文件被其他进程占用 
[2022-11-20 23:50:16] [FATAL]: open image cache failed: 文件被其他进程占用 
[2022-11-20 23:50:19] [FATAL]: open image cache failed: 文件被其他进程占用 
[2022-11-20 23:50:22] [FATAL]: open image cache failed: 文件被其他进程占用 
[2022-11-20 23:50:25] [FATAL]: open image cache failed: 文件被其他进程占用 
[2022-11-20 23:50:28] [FATAL]: open image cache failed: 文件被其他进程占用 
[2022-11-20 23:50:31] [FATAL]: open image cache failed: 文件被其他进程占用 
[2022-11-20 23:50:34] [FATAL]: open image cache failed: 文件被其他进程占用 
[2022-11-20 23:50:37] [FATAL]: open image cache failed: 文件被其他进程占用 
[2022-11-20 23:50:40] [FATAL]: open image cache failed: 文件被其他进程占用 
[2022-11-20 23:50:43] [FATAL]: open image cache failed: 文件被其他进程占用 
[2022-11-20 23:50:47] [FATAL]: open image cache failed: 文件被其他进程占用 
[2022-11-20 23:50:50] [FATAL]: open image cache failed: 文件被其他进程占用 
[2022-11-20 23:50:53] [FATAL]: open image cache failed: 文件被其他进程占用 
[2022-11-20 23:50:56] [FATAL]: open image cache failed: 文件被其他进程占用 
[2022-11-20 23:50:59] [FATAL]: open image cache failed: 文件被其他进程占用 
[2022-11-20 23:51:02] [FATAL]: open image cache failed: 文件被其他进程占用 
[2022-11-20 23:51:05] [FATAL]: open image cache failed: 文件被其他进程占用 
[2022-11-20 23:51:08] [FATAL]: open image cache failed: 文件被其他进程占用 
[2022-11-20 23:51:11] [FATAL]: open image cache failed: 文件被其他进程占用 
[2022-11-20 23:51:14] [FATAL]: open image cache failed: 文件被其他进程占用 
[2022-11-20 23:51:17] [FATAL]: open image cache failed: 文件被其他进程占用 
[2022-11-20 23:51:20] [FATAL]: open image cache failed: 文件被其他进程占用 
[2022-11-20 23:51:24] [FATAL]: open image cache failed: 文件被其他进程占用 
[2022-11-20 23:51:27] [FATAL]: open image cache failed: 文件被其他进程占用 
[2022-11-20 23:51:30] [FATAL]: open image cache failed: 文件被其他进程占用 
[2022-11-20 23:51:33] [FATAL]: open image cache failed: 文件被其他进程占用 
[2022-11-20 23:51:36] [FATAL]: open image cache failed: 文件被其他进程占用 
[2022-11-20 23:51:39] [FATAL]: open image cache failed: 文件被其他进程占用 
[2022-11-20 23:51:42] [FATAL]: open image cache failed: 文件被其他进程占用 
[2022-11-20 23:51:45] [FATAL]: open image cache failed: 文件被其他进程占用 
[2022-11-20 23:51:48] [FATAL]: open image cache failed: 文件被其他进程占用 
[2022-11-20 23:51:51] [FATAL]: open image cache failed: 文件被其他进程占用 
[2022-11-20 23:51:54] [FATAL]: open image cache failed: 文件被其他进程占用 
[2022-11-20 23:51:57] [FATAL]: open image cache failed: 文件被其他进程占用 
[2022-11-20 23:52:01] [FATAL]: open image cache failed: 文件被其他进程占用 
[2022-11-20 23:52:04] [FATAL]: open image cache failed: 文件被其他进程占用 
[2022-11-20 23:52:07] [FATAL]: open image cache failed: 文件被其他进程占用 
[2022-11-20 23:52:10] [FATAL]: open image cache failed: 文件被其他进程占用 
[2022-11-20 23:52:13] [FATAL]: open image cache failed: 文件被其他进程占用 
[2022-11-20 23:52:16] [FATAL]: open image cache failed: 文件被其他进程占用 
[2022-11-20 23:52:19] [FATAL]: open image cache failed: 文件被其他进程占用 
[2022-11-20 23:52:22] [FATAL]: open image cache failed: 文件被其他进程占用 
[2022-11-20 23:52:25] [FATAL]: open image cache failed: 文件被其他进程占用 
[2022-11-20 23:52:28] [FATAL]: open image cache failed: 文件被其他进程占用 
[2022-11-20 23:52:31] [FATAL]: open image cache failed: 文件被其他进程占用 
[2022-11-20 23:52:34] [FATAL]: open image cache failed: 文件被其他进程占用 
[2022-11-20 23:52:38] [FATAL]: open image cache failed: 文件被其他进程占用 
[2022-11-20 23:52:41] [FATAL]: open image cache failed: 文件被其他进程占用 
[2022-11-20 23:52:44] [FATAL]: open image cache failed: 文件被其他进程占用 
[2022-11-20 23:52:47] [FATAL]: open image cache failed: 文件被其他进程占用 
[2022-11-20 23:52:50] [FATAL]: open image cache failed: 文件被其他进程占用 
[2022-11-20 23:52:53] [FATAL]: open image cache failed: 文件被其他进程占用 
[2022-11-20 23:52:56] [FATAL]: open image cache failed: 文件被其他进程占用 
[2022-11-20 23:52:59] [FATAL]: open image cache failed: 文件被其他进程占用 
[2022-11-20 23:53:02] [FATAL]: open image cache failed: 文件被其他进程占用 
[2022-11-20 23:53:05] [FATAL]: open image cache failed: 文件被其他进程占用 
[2022-11-20 23:53:08] [FATAL]: open image cache failed: 文件被其他进程占用 
[2022-11-20 23:53:11] [FATAL]: open image cache failed: 文件被其他进程占用 
[2022-11-20 23:53:14] [FATAL]: open image cache failed: 文件被其他进程占用 
[2022-11-20 23:53:18] [FATAL]: open image cache failed: 文件被其他进程占用 
[2022-11-20 23:53:21] [FATAL]: open image cache failed: 文件被其他进程占用 
[2022-11-20 23:53:24] [FATAL]: open image cache failed: 文件被其他进程占用 
[2022-11-20 23:53:27] [FATAL]: open image cache failed: 文件被其他进程占用 
[2022-11-20 23:53:30] [FATAL]: open image cache failed: 文件被其他进程占用 
[2022-11-20 23:53:33] [FATAL]: open image cache failed: 文件被其他进程占用 
[2022-11-20 23:53:36] [FATAL]: open image cache failed: 文件被其他进程占用 
[2022-11-20 23:53:39] [FATAL]: open image cache failed: 文件被其他进程占用 
[2022-11-20 23:53:42] [FATAL]: open image cache failed: 文件被其他进程占用 
[2022-11-20 23:53:45] [FATAL]: open image cache failed: 文件被其他进程占用 
[2022-11-20 23:53:48] [FATAL]: open image cache failed: 文件被其他进程占用 
[2022-11-20 23:53:51] [FATAL]: open image cache failed: 文件被其他进程占用 
[2022-11-20 23:53:55] [FATAL]: open image cache failed: 文件被其他进程占用 
[2022-11-20 23:53:58] [FATAL]: open image cache failed: 文件被其他进程占用 
[2022-11-20 23:54:01] [FATAL]: open image cache failed: 文件被其他进程占用 
[2022-11-20 23:54:04] [FATAL]: open image cache failed: 文件被其他进程占用 
[2022-11-20 23:54:07] [FATAL]: open image cache failed: 文件被其他进程占用 
[2022-11-20 23:54:10] [FATAL]: open image cache failed: 文件被其他进程占用 
[2022-11-20 23:54:13] [FATAL]: open image cache failed: 文件被其他进程占用 
[2022-11-20 23:54:16] [FATAL]: open image cache failed: 文件被其他进程占用 
[2022-11-20 23:54:19] [FATAL]: open image cache failed: 文件被其他进程占用 
[2022-11-20 23:54:22] [FATAL]: open image cache failed: 文件被其他进程占用 
[2022-11-20 23:54:25] [FATAL]: open image cache failed: 文件被其他进程占用 
[2022-11-20 23:54:29] [FATAL]: open image cache failed: 文件被其他进程占用 
[2022-11-20 23:54:32] [FATAL]: open image cache failed: 文件被其他进程占用 
[2022-11-20 23:54:35] [FATAL]: open image cache failed: 文件被其他进程占用 
[2022-11-20 23:54:38] [FATAL]: open image cache failed: 文件被其他进程占用 
[2022-11-20 23:54:41] [FATAL]: open image cache failed: 文件被其他进程占用 
[2022-11-20 23:54:44] [FATAL]: open image cache failed: 文件被其他进程占用 
[2022-11-20 23:54:46] [WARNING]: Protocol -> device lock is disable. http api may fail. 
[2022-11-20 23:54:47] [FATAL]: open image cache failed: 文件被其他进程占用 
[2022-11-20 23:54:49] [WARNING]: Protocol -> device lock is disable. http api may fail. 
[2022-11-20 23:54:50] [FATAL]: open image cache failed: 文件被其他进程占用 
[2022-11-20 23:54:53] [FATAL]: open image cache failed: 文件被其他进程占用 
[2022-11-20 23:54:56] [FATAL]: open image cache failed: 文件被其他进程占用 
[2022-11-20 23:54:59] [FATAL]: open image cache failed: 文件被其他进程占用 
[2022-11-20 23:55:02] [FATAL]: open image cache failed: 文件被其他进程占用 
[2022-11-20 23:55:06] [FATAL]: open image cache failed: 文件被其他进程占用 
[2022-11-20 23:55:09] [FATAL]: open image cache failed: 文件被其他进程占用 
[2022-11-20 23:55:12] [FATAL]: open image cache failed: 文件被其他进程占用 
[2022-11-20 23:55:15] [FATAL]: open image cache failed: 文件被其他进程占用 
[2022-11-20 23:55:18] [FATAL]: open image cache failed: 文件被其他进程占用 
[2022-11-20 23:55:21] [FATAL]: open image cache failed: 文件被其他进程占用 
[2022-11-20 23:55:24] [FATAL]: open image cache failed: 文件被其他进程占用 
[2022-11-20 23:55:25] [WARNING]: 监听反向WS Universal时出现错误: read tcp 127.0.0.1:8488->127.0.0.1:8880: wsarecv: An existing connection was forcibly closed by the remote host. 
[2022-11-20 23:55:27] [FATAL]: open image cache failed: 文件被其他进程占用 
[2022-11-20 23:55:28] [WARNING]: 向反向WS Universal服务器推送 Event 时出现错误: write tcp 127.0.0.1:8488->127.0.0.1:8880: wsasend: An existing connection was forcibly closed by the remote host. 
[2022-11-20 23:55:33] [WARNING]: 连接到反向WebSocket Universal服务器 ws://127.0.0.1:8880/onebot/v11/ws 时出现错误: dial tcp 127.0.0.1:8880: connectex: No connection could be made because the target machine actively refused it. 
[2022-11-20 23:55:38] [WARNING]: 连接到反向WebSocket Universal服务器 ws://127.0.0.1:8880/onebot/v11/ws 时出现错误: dial tcp 127.0.0.1:8880: connectex: No connection could be made because the target machine actively refused it. 
[2022-11-20 23:55:40] [WARNING]: Protocol -> device lock is disable. http api may fail. 
