[2022-11-28 00:47:21] [WARNING]: Protocol -> device lock is disable. http api may fail. 
[2022-11-28 00:47:49] [WARNING]: Protocol -> device lock is disable. http api may fail. 
[2022-11-28 00:49:02] [WARNING]: Protocol -> device lock is disable. http api may fail. 
[2022-11-28 00:49:25] [WARNING]: Protocol -> device lock is disable. http api may fail. 
[2022-11-28 01:09:10] [WARNING]: Protocol -> device lock is disable. http api may fail. 
[2022-11-28 01:09:47] [WARNING]: Protocol -> device lock is disable. http api may fail. 
[2022-11-28 01:10:09] [WARNING]: 好友消息发送失败: 消息为空. 
[2022-11-28 01:11:51] [WARNING]: Protocol -> device lock is disable. http api may fail. 
[2022-11-28 01:12:00] [WARNING]: 好友消息发送失败: 消息为空. 
[2022-11-28 01:12:57] [WARNING]: Protocol -> device lock is disable. http api may fail. 
[2022-11-28 01:13:35] [WARNING]: Protocol -> device lock is disable. http api may fail. 
[2022-11-28 01:17:33] [WARNING]: Protocol -> device lock is disable. http api may fail. 
[2022-11-28 01:18:24] [WARNING]: Protocol -> device lock is disable. http api may fail. 
[2022-11-28 01:20:18] [WARNING]: Protocol -> device lock is disable. http api may fail. 
[2022-11-28 01:20:40] [WARNING]: 转换CQ码 [CQ:record,file = D:\Software\nonebot\Abiogenesis\src\plugins\remind\sound.mp3] 时出现错误: read data/voices: The handle is invalid. 将原样发送. 
[2022-11-28 01:22:30] [WARNING]: Protocol -> device lock is disable. http api may fail. 
[2022-11-28 01:23:40] [WARNING]: 转换CQ码 [CQ:record,file = D:/Software/nonebot/Abiogenesis/src/plugins/remind/sound.mp3] 时出现错误: read data/voices: The handle is invalid. 将原样发送. 
[2022-11-28 01:25:47] [WARNING]: Protocol -> device lock is disable. http api may fail. 
[2022-11-28 01:26:30] [WARNING]: 转换CQ码 [CQ:record,file = file:///D:/Software/nonebot/Abiogenesis/src/plugins/remind/sound.mp3] 时出现错误: read data/voices: The handle is invalid. 将原样发送. 
[2022-11-28 01:28:11] [WARNING]: Protocol -> device lock is disable. http api may fail. 
[2022-11-28 01:32:32] [WARNING]: Protocol -> device lock is disable. http api may fail. 
[2022-11-28 01:32:49] [WARNING]: 转换CQ码 ({"type": "record", "data": {"file": "D:/Software/nonebot/Abiogenesis/src/plugins/remind/sound.mp3"}}) 到MiraiGo Element时出现错误: file does not exist 将忽略本段CQ码. 
[2022-11-28 01:32:49] [WARNING]: 好友消息发送失败: 消息为空. 
[2022-11-28 01:35:43] [WARNING]: 转换CQ码 ({"type": "record", "data": {"file": "D:/Software/nonebot/Abiogenesis/src/plugins/remind/sound.mp3"}}) 到MiraiGo Element时出现错误: file does not exist 将忽略本段CQ码. 
[2022-11-28 01:35:43] [WARNING]: 好友消息发送失败: 消息为空. 
[2022-11-28 01:37:31] [WARNING]: Protocol -> device lock is disable. http api may fail. 
[2022-11-28 01:37:38] [WARNING]: 转换CQ码 ({"type": "record", "data": {"file": "D:/Software/nonebot/Abiogenesis/src/plugins/remind/sound.mp3"}}) 到MiraiGo Element时出现错误: file does not exist 将忽略本段CQ码. 
[2022-11-28 01:37:38] [WARNING]: 好友消息发送失败: 消息为空. 
[2022-11-28 01:39:26] [WARNING]: Protocol -> device lock is disable. http api may fail. 
[2022-11-28 01:39:54] [WARNING]: Protocol -> device lock is disable. http api may fail. 
[2022-11-28 01:40:02] [WARNING]: 转换CQ码 ({"type": "record", "data": {"file": "file:///D:/Software/nonebot/Abiogenesis/src/plugins/remind/sound.mp3"}}) 到MiraiGo Element时出现错误: encode silk failed: convert pcm file error: exec: "ffmpeg": executable file not found in %PATH% 将忽略本段CQ码. 
[2022-11-28 01:40:02] [WARNING]: 好友消息发送失败: 消息为空. 
[2022-11-28 01:46:25] [WARNING]: Protocol -> device lock is disable. http api may fail. 
[2022-11-28 01:46:40] [WARNING]: 转换CQ码 ({"type": "file", "data": {"file": "file:///D:/Software/nonebot/Abiogenesis/src/plugins/remind/sound.mp3"}}) 到MiraiGo Element时出现错误: unsupported cq code: file 将忽略本段CQ码. 
[2022-11-28 01:46:40] [WARNING]: 好友消息发送失败: 消息为空. 
[2022-11-28 01:50:32] [WARNING]: Protocol -> device lock is disable. http api may fail. 
[2022-11-28 01:50:40] [WARNING]: 转换CQ码 ({"type": "file", "data": {"file": "file:///D:/Software/nonebot/Abiogenesis/src/plugins/image_send/sound.mp3"}}) 到MiraiGo Element时出现错误: unsupported cq code: file 将忽略本段CQ码. 
[2022-11-28 01:50:40] [WARNING]: 好友消息发送失败: 消息为空. 
[2022-11-28 01:51:37] [WARNING]: Protocol -> device lock is disable. http api may fail. 
[2022-11-28 01:51:44] [WARNING]: 转换CQ码 ({"type": "record", "data": {"file": "file:///D:/Software/nonebot/Abiogenesis/src/plugins/image_send/sound.mp3"}}) 到MiraiGo Element时出现错误: encode silk failed: convert pcm file error: exec: "ffmpeg": executable file not found in %PATH% 将忽略本段CQ码. 
[2022-11-28 01:51:44] [WARNING]: 好友消息发送失败: 消息为空. 
[2022-11-28 01:53:15] [WARNING]: Protocol -> device lock is disable. http api may fail. 
[2022-11-28 01:53:24] [WARNING]: 转换CQ码 ({"type": "record", "data": {"file": "file://https://genshin.azurewebsites.net/api/speak?format=mp3&text=\u5e74\u8f7b\u4eba\u8981\u61c2\u5f97\u8282\u5236&id=22"}}) 到MiraiGo Element时出现错误: open /genshin.azurewebsites.net/api/speak: The system cannot find the path specified. 将忽略本段CQ码. 
[2022-11-28 01:53:24] [WARNING]: 好友消息发送失败: 消息为空. 
[2022-11-28 01:54:39] [WARNING]: Protocol -> device lock is disable. http api may fail. 
[2022-11-28 01:56:13] [WARNING]: Protocol -> device lock is disable. http api may fail. 
[2022-11-28 01:56:21] [WARNING]: 转换CQ码 ({"type": "record", "data": {"file": "https://genshin.azurewebsites.net/api/speak?format=mp3&text=\u5e74\u8f7b\u4eba\u8981\u61c2\u5f97\u8282\u5236&id=22"}}) 到MiraiGo Element时出现错误: encode silk failed: convert pcm file error: exec: "ffmpeg": executable file not found in %PATH% 将忽略本段CQ码. 
[2022-11-28 01:56:21] [WARNING]: 好友消息发送失败: 消息为空. 
[2022-11-28 01:57:47] [WARNING]: Protocol -> device lock is disable. http api may fail. 
[2022-11-28 01:58:03] [WARNING]: 警告: 本地连接聊天服务器丢包率为 10%, 可能出现消息丢失/延迟或频繁掉线等情况, 请检查本地网络状态. 
[2022-11-28 02:01:25] [WARNING]: Protocol -> device lock is disable. http api may fail. 
[2022-11-28 02:03:32] [WARNING]: Protocol -> device lock is disable. http api may fail. 
[2022-11-28 02:04:16] [WARNING]: Protocol -> device lock is disable. http api may fail. 
[2022-11-28 02:06:19] [WARNING]: Protocol -> device lock is disable. http api may fail. 
[2022-11-28 10:19:35] [WARNING]: 群消息发送失败: 账号可能被风控. 
[2022-11-28 14:13:07] [WARNING]: Protocol -> device lock is disable. http api may fail. 
[2022-11-28 14:13:29] [WARNING]: 转换CQ码 ({"type": "record", "data": {"file": "file:///D:/Software/nonebot/Abiogenesis/src/plugins/image_send/sound.mp3", "magic": null, "cache": null, "proxy": null, "timeout": null}}) 到MiraiGo Element时出现错误: encode silk failed: convert pcm file error: exec: "ffmpeg": executable file not found in %PATH% 将忽略本段CQ码. 
[2022-11-28 14:13:29] [WARNING]: 好友消息发送失败: 消息为空. 
[2022-11-28 14:21:53] [WARNING]: Protocol -> device lock is disable. http api may fail. 
[2022-11-28 14:22:45] [ERROR]: Protocol -> test chat server latency error: failed to connect to server during quality test: dial tcp 109.244.152.218:8080: i/o timeout 
[2022-11-28 14:22:50] [ERROR]: Protocol -> test long message server latency error: failed to connect to server during quality test: dial tcp 109.244.158.52:443: i/o timeout 
[2022-11-28 14:22:55] [ERROR]: Protocol -> test srv server latency error: failed to connect to server during quality test: dial tcp 180.109.192.140:14000: i/o timeout 
[2022-11-28 14:24:56] [WARNING]: Protocol -> device lock is disable. http api may fail. 
[2022-11-28 23:04:11] [WARNING]: Protocol -> device lock is disable. http api may fail. 
[2022-11-28 23:04:55] [WARNING]: Protocol -> device lock is disable. http api may fail. 
[2022-11-28 23:06:06] [WARNING]: Protocol -> device lock is disable. http api may fail. 
[2022-11-28 23:06:21] [WARNING]: 警告: 本地连接聊天服务器丢包率为 10%, 可能出现消息丢失/延迟或频繁掉线等情况, 请检查本地网络状态. 
[2022-11-28 23:06:37] [WARNING]: Protocol -> device lock is disable. http api may fail. 
[2022-11-28 23:18:03] [WARNING]: Protocol -> device lock is disable. http api may fail. 
